===== System Monitoring Report: Sat Mar 15 19:12:07 UTC 2025 =====
----- CPU & Memory Usage -----
top - 19:12:07 up  1:08,  2 users,  load average: 0.26, 0.08, 0.02
Tasks: 109 total,   1 running, 108 sleeping,   0 stopped,   0 zombie
%Cpu(s):  9.1 us,  0.0 sy,  0.0 ni, 90.9 id,  0.0 wa,  0.0 hi,  0.0 si,  0.0 st 
MiB Mem :    957.4 total,    181.1 free,    331.2 used,    605.6 buff/cache     
MiB Swap:      0.0 total,      0.0 free,      0.0 used.    626.2 avail Mem 

    PID USER      PR  NI    VIRT    RES    SHR S  %CPU  %MEM     TIME+ COMMAND
      1 root      20   0   22516  13384   9416 S   0.0   1.4   0:01.57 systemd
      2 root      20   0       0      0      0 S   0.0   0.0   0:00.00 kthreadd
      3 root      20   0       0      0      0 S   0.0   0.0   0:00.00 pool_wo+
      4 root       0 -20       0      0      0 I   0.0   0.0   0:00.00 kworker+
      5 root       0 -20       0      0      0 I   0.0   0.0   0:00.00 kworker+
      6 root       0 -20       0      0      0 I   0.0   0.0   0:00.00 kworker+
      7 root       0 -20       0      0      0 I   0.0   0.0   0:00.00 kworker+
     10 root       0 -20       0      0      0 I   0.0   0.0   0:00.00 kworker+
     11 root      20   0       0      0      0 I   0.0   0.0   0:00.10 kworker+
     12 root       0 -20       0      0      0 I   0.0   0.0   0:00.00 kworker+
     13 root      20   0       0      0      0 I   0.0   0.0   0:00.00 rcu_tas+
     14 root      20   0       0      0      0 I   0.0   0.0   0:00.00 rcu_tas+
     15 root      20   0       0      0      0 S   0.0   0.0   0:00.07 ksoftir+
----- Disk Usage -----
Filesystem      Size  Used Avail Use% Mounted on
/dev/root       8.7G  1.9G  6.8G  23% /
tmpfs           479M     0  479M   0% /dev/shm
tmpfs           192M  896K  191M   1% /run
tmpfs           5.0M     0  5.0M   0% /run/lock
/dev/xvda16     881M   76M  744M  10% /boot
/dev/xvda15     105M  6.1M   99M   6% /boot/efi
tmpfs            96M   12K   96M   1% /run/user/1000
----- Top 10 CPU Processes -----
USER         PID %CPU %MEM    VSZ   RSS TTY      STAT START   TIME COMMAND
root           1  0.0  1.3  22516 13384 ?        Ss   18:03   0:01 /sbin/init
root         645  0.0  3.2 1329380 32024 ?       Ssl  18:03   0:01 /usr/lib/snapd/snapd
root         999  0.0  1.9 1685384 19524 ?       Ssl  18:03   0:00 /snap/amazon-ssm-agent/9881/amazon-ssm-agent
ubuntu      2102  0.0  0.7  14964  6944 ?        S    18:48   0:00 sshd: ubuntu@pts/1
root         184  0.0  2.7 288952 27136 ?        SLsl 18:03   0:00 /sbin/multipathd -d -s
root         196  0.0  0.8  26468  8172 ?        Ss   18:03   0:00 /usr/lib/systemd/systemd-udevd
root         125  0.0  1.4  50420 14088 ?        S<s  18:03   0:00 /usr/lib/systemd/systemd-journald
ubuntu      2103  0.0  0.5   9060  5248 pts/1    Ss   18:48   0:00 -bash
_chrony      757  0.0  0.3  19388  3712 ?        S    18:03   0:00 /usr/sbin/chronyd -F 1
----- Top 10 Memory Processes -----
USER         PID %CPU %MEM    VSZ   RSS TTY      STAT START   TIME COMMAND
root         645  0.0  3.2 1329380 32024 ?       Ssl  18:03   0:01 /usr/lib/snapd/snapd
root         184  0.0  2.7 288952 27136 ?        SLsl 18:03   0:00 /sbin/multipathd -d -s
root         815  0.0  2.3 109996 22912 ?        Ssl  18:03   0:00 /usr/bin/python3 /usr/share/unattended-upgrades/unattended-upgrade-shutdown --wait-for-signal
root         635  0.0  2.1  32460 20608 ?        Ss   18:03   0:00 /usr/bin/python3 /usr/bin/networkd-dispatcher --run-startup-triggers
root         999  0.0  1.9 1685384 19524 ?       Ssl  18:03   0:00 /snap/amazon-ssm-agent/9881/amazon-ssm-agent
root         125  0.0  1.4  50420 14088 ?        S<s  18:03   0:00 /usr/lib/systemd/systemd-journald
root         659  0.0  1.3 468828 13440 ?        Ssl  18:03   0:00 /usr/libexec/udisks2/udisksd
root           1  0.0  1.3  22516 13384 ?        Ss   18:03   0:01 /sbin/init
systemd+     317  0.0  1.3  21584 13056 ?        Ss   18:03   0:00 /usr/lib/systemd/systemd-resolved
